ARM GAS  C:\Users\wizar\AppData\Local\Temp\ccHGg7aO.s 			page 1


   1              		.cpu cortex-m3
   2              		.arch armv7-m
   3              		.fpu softvfp
   4              		.eabi_attribute 20, 1
   5              		.eabi_attribute 21, 1
   6              		.eabi_attribute 23, 3
   7              		.eabi_attribute 24, 1
   8              		.eabi_attribute 25, 1
   9              		.eabi_attribute 26, 1
  10              		.eabi_attribute 30, 1
  11              		.eabi_attribute 34, 1
  12              		.eabi_attribute 18, 4
  13              		.file	"gpio.c"
  14              		.text
  15              	.Ltext0:
  16              		.cfi_sections	.debug_frame
  17              		.section	.text.MX_GPIO_Init,"ax",%progbits
  18              		.align	1
  19              		.global	MX_GPIO_Init
  20              		.syntax unified
  21              		.thumb
  22              		.thumb_func
  24              	MX_GPIO_Init:
  25              	.LFB65:
  26              		.file 1 "Src/gpio.c"
   1:Src/gpio.c    **** /* USER CODE BEGIN Header */
   2:Src/gpio.c    **** /**
   3:Src/gpio.c    ****   ******************************************************************************
   4:Src/gpio.c    ****   * @file    gpio.c
   5:Src/gpio.c    ****   * @brief   This file provides code for the configuration
   6:Src/gpio.c    ****   *          of all used GPIO pins.
   7:Src/gpio.c    ****   ******************************************************************************
   8:Src/gpio.c    ****   * @attention
   9:Src/gpio.c    ****   *
  10:Src/gpio.c    ****   * Copyright (c) 2023 STMicroelectronics.
  11:Src/gpio.c    ****   * All rights reserved.
  12:Src/gpio.c    ****   *
  13:Src/gpio.c    ****   * This software is licensed under terms that can be found in the LICENSE file
  14:Src/gpio.c    ****   * in the root directory of this software component.
  15:Src/gpio.c    ****   * If no LICENSE file comes with this software, it is provided AS-IS.
  16:Src/gpio.c    ****   *
  17:Src/gpio.c    ****   ******************************************************************************
  18:Src/gpio.c    ****   */
  19:Src/gpio.c    **** /* USER CODE END Header */
  20:Src/gpio.c    **** 
  21:Src/gpio.c    **** /* Includes ------------------------------------------------------------------*/
  22:Src/gpio.c    **** #include "gpio.h"
  23:Src/gpio.c    **** 
  24:Src/gpio.c    **** /* USER CODE BEGIN 0 */
  25:Src/gpio.c    **** 
  26:Src/gpio.c    **** /* USER CODE END 0 */
  27:Src/gpio.c    **** 
  28:Src/gpio.c    **** /*----------------------------------------------------------------------------*/
  29:Src/gpio.c    **** /* Configure GPIO                                                             */
  30:Src/gpio.c    **** /*----------------------------------------------------------------------------*/
  31:Src/gpio.c    **** /* USER CODE BEGIN 1 */
  32:Src/gpio.c    **** 
ARM GAS  C:\Users\wizar\AppData\Local\Temp\ccHGg7aO.s 			page 2


  33:Src/gpio.c    **** /* USER CODE END 1 */
  34:Src/gpio.c    **** 
  35:Src/gpio.c    **** /** Configure pins as
  36:Src/gpio.c    ****         * Analog
  37:Src/gpio.c    ****         * Input
  38:Src/gpio.c    ****         * Output
  39:Src/gpio.c    ****         * EVENT_OUT
  40:Src/gpio.c    ****         * EXTI
  41:Src/gpio.c    **** */
  42:Src/gpio.c    **** void MX_GPIO_Init(void)
  43:Src/gpio.c    **** {
  27              		.loc 1 43 1 view -0
  28              		.cfi_startproc
  29              		@ args = 0, pretend = 0, frame = 32
  30              		@ frame_needed = 0, uses_anonymous_args = 0
  31 0000 10B5     		push	{r4, lr}
  32              	.LCFI0:
  33              		.cfi_def_cfa_offset 8
  34              		.cfi_offset 4, -8
  35              		.cfi_offset 14, -4
  36 0002 88B0     		sub	sp, sp, #32
  37              	.LCFI1:
  38              		.cfi_def_cfa_offset 40
  44:Src/gpio.c    **** 
  45:Src/gpio.c    ****   GPIO_InitTypeDef GPIO_InitStruct = {0};
  39              		.loc 1 45 3 view .LVU1
  40              		.loc 1 45 20 is_stmt 0 view .LVU2
  41 0004 0024     		movs	r4, #0
  42 0006 0494     		str	r4, [sp, #16]
  43 0008 0594     		str	r4, [sp, #20]
  44 000a 0694     		str	r4, [sp, #24]
  45 000c 0794     		str	r4, [sp, #28]
  46:Src/gpio.c    **** 
  47:Src/gpio.c    ****   /* GPIO Ports Clock Enable */
  48:Src/gpio.c    ****   __HAL_RCC_GPIOC_CLK_ENABLE();
  46              		.loc 1 48 3 is_stmt 1 view .LVU3
  47              	.LBB2:
  48              		.loc 1 48 3 view .LVU4
  49              		.loc 1 48 3 view .LVU5
  50 000e 174B     		ldr	r3, .L3
  51 0010 9A69     		ldr	r2, [r3, #24]
  52 0012 42F01002 		orr	r2, r2, #16
  53 0016 9A61     		str	r2, [r3, #24]
  54              		.loc 1 48 3 view .LVU6
  55 0018 9A69     		ldr	r2, [r3, #24]
  56 001a 02F01002 		and	r2, r2, #16
  57 001e 0192     		str	r2, [sp, #4]
  58              		.loc 1 48 3 view .LVU7
  59 0020 019A     		ldr	r2, [sp, #4]
  60              	.LBE2:
  61              		.loc 1 48 3 view .LVU8
  49:Src/gpio.c    ****   __HAL_RCC_GPIOD_CLK_ENABLE();
  62              		.loc 1 49 3 view .LVU9
  63              	.LBB3:
  64              		.loc 1 49 3 view .LVU10
  65              		.loc 1 49 3 view .LVU11
  66 0022 9A69     		ldr	r2, [r3, #24]
ARM GAS  C:\Users\wizar\AppData\Local\Temp\ccHGg7aO.s 			page 3


  67 0024 42F02002 		orr	r2, r2, #32
  68 0028 9A61     		str	r2, [r3, #24]
  69              		.loc 1 49 3 view .LVU12
  70 002a 9A69     		ldr	r2, [r3, #24]
  71 002c 02F02002 		and	r2, r2, #32
  72 0030 0292     		str	r2, [sp, #8]
  73              		.loc 1 49 3 view .LVU13
  74 0032 029A     		ldr	r2, [sp, #8]
  75              	.LBE3:
  76              		.loc 1 49 3 view .LVU14
  50:Src/gpio.c    ****   __HAL_RCC_GPIOA_CLK_ENABLE();
  77              		.loc 1 50 3 view .LVU15
  78              	.LBB4:
  79              		.loc 1 50 3 view .LVU16
  80              		.loc 1 50 3 view .LVU17
  81 0034 9A69     		ldr	r2, [r3, #24]
  82 0036 42F00402 		orr	r2, r2, #4
  83 003a 9A61     		str	r2, [r3, #24]
  84              		.loc 1 50 3 view .LVU18
  85 003c 9B69     		ldr	r3, [r3, #24]
  86 003e 03F00403 		and	r3, r3, #4
  87 0042 0393     		str	r3, [sp, #12]
  88              		.loc 1 50 3 view .LVU19
  89 0044 039B     		ldr	r3, [sp, #12]
  90              	.LBE4:
  91              		.loc 1 50 3 view .LVU20
  51:Src/gpio.c    **** 
  52:Src/gpio.c    ****   /*Configure GPIO pin : PtPin */
  53:Src/gpio.c    ****   GPIO_InitStruct.Pin = ENCODER_DIR_Pin;
  92              		.loc 1 53 3 view .LVU21
  93              		.loc 1 53 23 is_stmt 0 view .LVU22
  94 0046 0223     		movs	r3, #2
  95 0048 0493     		str	r3, [sp, #16]
  54:Src/gpio.c    ****   GPIO_InitStruct.Mode = GPIO_MODE_IT_RISING_FALLING;
  96              		.loc 1 54 3 is_stmt 1 view .LVU23
  97              		.loc 1 54 24 is_stmt 0 view .LVU24
  98 004a 094B     		ldr	r3, .L3+4
  99 004c 0593     		str	r3, [sp, #20]
  55:Src/gpio.c    ****   GPIO_InitStruct.Pull = GPIO_NOPULL;
 100              		.loc 1 55 3 is_stmt 1 view .LVU25
  56:Src/gpio.c    ****   HAL_GPIO_Init(ENCODER_DIR_GPIO_Port, &GPIO_InitStruct);
 101              		.loc 1 56 3 view .LVU26
 102 004e 04A9     		add	r1, sp, #16
 103 0050 0848     		ldr	r0, .L3+8
 104 0052 FFF7FEFF 		bl	HAL_GPIO_Init
 105              	.LVL0:
  57:Src/gpio.c    **** 
  58:Src/gpio.c    ****   /* EXTI interrupt init*/
  59:Src/gpio.c    ****   HAL_NVIC_SetPriority(EXTI1_IRQn, 0, 0);
 106              		.loc 1 59 3 view .LVU27
 107 0056 2246     		mov	r2, r4
 108 0058 2146     		mov	r1, r4
 109 005a 0720     		movs	r0, #7
 110 005c FFF7FEFF 		bl	HAL_NVIC_SetPriority
 111              	.LVL1:
  60:Src/gpio.c    ****   HAL_NVIC_EnableIRQ(EXTI1_IRQn);
 112              		.loc 1 60 3 view .LVU28
ARM GAS  C:\Users\wizar\AppData\Local\Temp\ccHGg7aO.s 			page 4


 113 0060 0720     		movs	r0, #7
 114 0062 FFF7FEFF 		bl	HAL_NVIC_EnableIRQ
 115              	.LVL2:
  61:Src/gpio.c    **** 
  62:Src/gpio.c    **** }
 116              		.loc 1 62 1 is_stmt 0 view .LVU29
 117 0066 08B0     		add	sp, sp, #32
 118              	.LCFI2:
 119              		.cfi_def_cfa_offset 8
 120              		@ sp needed
 121 0068 10BD     		pop	{r4, pc}
 122              	.L4:
 123 006a 00BF     		.align	2
 124              	.L3:
 125 006c 00100240 		.word	1073876992
 126 0070 00003110 		.word	271646720
 127 0074 00080140 		.word	1073809408
 128              		.cfi_endproc
 129              	.LFE65:
 131              		.text
 132              	.Letext0:
 133              		.file 2 "e:\\devtools\\armtoolchain\\10 2021.10\\arm-none-eabi\\include\\machine\\_default_types.h
 134              		.file 3 "e:\\devtools\\armtoolchain\\10 2021.10\\arm-none-eabi\\include\\sys\\_stdint.h"
 135              		.file 4 "Drivers/CMSIS/Device/ST/STM32F1xx/Include/stm32f103x6.h"
 136              		.file 5 "Drivers/STM32F1xx_HAL_Driver/Inc/stm32f1xx_hal_gpio.h"
 137              		.file 6 "Drivers/STM32F1xx_HAL_Driver/Inc/stm32f1xx_hal_cortex.h"
ARM GAS  C:\Users\wizar\AppData\Local\Temp\ccHGg7aO.s 			page 5


DEFINED SYMBOLS
                            *ABS*:00000000 gpio.c
C:\Users\wizar\AppData\Local\Temp\ccHGg7aO.s:18     .text.MX_GPIO_Init:00000000 $t
C:\Users\wizar\AppData\Local\Temp\ccHGg7aO.s:24     .text.MX_GPIO_Init:00000000 MX_GPIO_Init
C:\Users\wizar\AppData\Local\Temp\ccHGg7aO.s:125    .text.MX_GPIO_Init:0000006c $d

UNDEFINED SYMBOLS
HAL_GPIO_Init
HAL_NVIC_SetPriority
HAL_NVIC_EnableIRQ
